<?xml version="1.0" encoding="UTF-8"?>
<!-- Generated by org.testng.reporters.JUnitXMLReporter -->
<testsuite hostname="DESKTOP-0NJPTMA" ignored="0" name="Test" tests="3" failures="1" timestamp="20 Mar 2020 21:24:51 GMT" time="26.862" errors="0">
  <testcase name="loginTest" time="0.044" classname="com.nopcommerce.qa.tests.ExtentReportTest"/>
  <testcase name="logoTest" time="0.177" classname="com.nopcommerce.qa.tests.ExtentReportTest"/>
  <testcase name="titleTest" time="0.011" classname="com.nopcommerce.qa.tests.ExtentReportTest">
    <failure type="java.lang.AssertionError" message="expected [Store Demo - nopCommer] but found [Store Demo - nopCommerce]">
      <![CDATA[java.lang.AssertionError: expected [Store Demo - nopCommer] but found [Store Demo - nopCommerce]
at com.nopcommerce.qa.tests.ExtentReportTest.titleTest(ExtentReportTest.java:70)
... Removed 34 stack frames]]>
    </failure>
  </testcase> <!-- titleTest -->
</testsuite> <!-- Test -->
