<?xml version="1.0" encoding="UTF-8"?>
<testsuite name="TestSuite" time="0.251" tests="3" errors="0" skipped="0" failures="1">
  <properties>
[...]
</properties>
  <testcase name="loginTest" classname="com.nopcommerce.qa.tests.ExtentReportTest" time="0.045"/>
  <testcase name="logoTest" classname="com.nopcommerce.qa.tests.ExtentReportTest" time="0.177"/>
  <testcase name="titleTest" classname="com.nopcommerce.qa.tests.ExtentReportTest" time="0.029">
    <failure message="expected [Store Demo - nopCommer] but found [Store Demo - nopCommerce]" type="java.lang.AssertionError">java.lang.AssertionError: expected [Store Demo - nopCommer] but found [Store Demo - nopCommerce]
	at org.testng.Assert.fail(Assert.java:96)
	at org.testng.Assert.failNotEquals(Assert.java:776)
	at org.testng.Assert.assertEqualsImpl(Assert.java:137)
	at org.testng.Assert.assertEquals(Assert.java:118)
	at org.testng.Assert.assertEquals(Assert.java:453)
	at org.testng.Assert.assertEquals(Assert.java:463)
	at com.nopcommerce.qa.tests.ExtentReportTest.titleTest(ExtentReportTest.java:70)
</failure>
    <system-err><![CDATA[Starting ChromeDriver 80.0.3987.106 (f68069574609230cf9b635cd784cfb1bf81bb53a-refs/branch-heads/3987@{#882}) on port 22669
Only local connections are allowed.
Please protect ports used by ChromeDriver and related test frameworks to prevent access by malicious code.
Mar 20, 2020 5:24:47 PM org.openqa.selenium.remote.ProtocolHandshake createSession
INFO: Detected dialect: W3C
[1584739489.203][SEVERE]: Timed out receiving message from renderer: 0.100
[1584739489.305][SEVERE]: Timed out receiving message from renderer: 0.100
[1584739489.853][SEVERE]: Timed out receiving message from renderer: 0.100
[1584739489.954][SEVERE]: Timed out receiving message from renderer: 0.100
]]></system-err>
  </testcase>
</testsuite>